C:\Users\garcmrtn\IntelPerformanceCounterMonitorV2.1\IntelPerformanceCounterMonitorV2.1\PCM_Win\Debug\cl.command.1.tlog
C:\Users\garcmrtn\IntelPerformanceCounterMonitorV2.1\IntelPerformanceCounterMonitorV2.1\PCM_Win\Debug\CL.read.1.tlog
C:\Users\garcmrtn\IntelPerformanceCounterMonitorV2.1\IntelPerformanceCounterMonitorV2.1\PCM_Win\Debug\CL.write.1.tlog
C:\USERS\GARCMRTN\INTELPERFORMANCECOUNTERMONITORV2.1\INTELPERFORMANCECOUNTERMONITORV2.1\PCM_WIN\DEBUG\CPUCOUNTERS.OBJ
C:\USERS\GARCMRTN\INTELPERFORMANCECOUNTERMONITORV2.1\INTELPERFORMANCECOUNTERMONITORV2.1\PCM_WIN\DEBUG\GETOPT.OBJ
C:\Users\garcmrtn\IntelPerformanceCounterMonitorV2.1\IntelPerformanceCounterMonitorV2.1\PCM_Win\Debug\link.6912.read.1.tlog
C:\Users\garcmrtn\IntelPerformanceCounterMonitorV2.1\IntelPerformanceCounterMonitorV2.1\PCM_Win\Debug\link.6912.write.1.tlog
C:\Users\garcmrtn\IntelPerformanceCounterMonitorV2.1\IntelPerformanceCounterMonitorV2.1\PCM_Win\Debug\link.6912-cvtres.read.1.tlog
C:\Users\garcmrtn\IntelPerformanceCounterMonitorV2.1\IntelPerformanceCounterMonitorV2.1\PCM_Win\Debug\link.6912-cvtres.write.1.tlog
C:\Users\garcmrtn\IntelPerformanceCounterMonitorV2.1\IntelPerformanceCounterMonitorV2.1\PCM_Win\Debug\link.command.1.tlog
C:\Users\garcmrtn\IntelPerformanceCounterMonitorV2.1\IntelPerformanceCounterMonitorV2.1\PCM_Win\Debug\link.read.1.tlog
C:\Users\garcmrtn\IntelPerformanceCounterMonitorV2.1\IntelPerformanceCounterMonitorV2.1\PCM_Win\Debug\link.write.1.tlog
C:\Users\garcmrtn\IntelPerformanceCounterMonitorV2.1\IntelPerformanceCounterMonitorV2.1\PCM_Win\Debug\link-cvtres.read.1.tlog
C:\Users\garcmrtn\IntelPerformanceCounterMonitorV2.1\IntelPerformanceCounterMonitorV2.1\PCM_Win\Debug\link-cvtres.write.1.tlog
C:\USERS\GARCMRTN\INTELPERFORMANCECOUNTERMONITORV2.1\INTELPERFORMANCECOUNTERMONITORV2.1\PCM_WIN\DEBUG\MSR.OBJ
C:\Users\garcmrtn\IntelPerformanceCounterMonitorV2.1\IntelPerformanceCounterMonitorV2.1\PCM_Win\Debug\mt.command.1.tlog
C:\Users\garcmrtn\IntelPerformanceCounterMonitorV2.1\IntelPerformanceCounterMonitorV2.1\PCM_Win\Debug\mt.read.1.tlog
C:\Users\garcmrtn\IntelPerformanceCounterMonitorV2.1\IntelPerformanceCounterMonitorV2.1\PCM_Win\Debug\mt.write.1.tlog
C:\USERS\GARCMRTN\INTELPERFORMANCECOUNTERMONITORV2.1\INTELPERFORMANCECOUNTERMONITORV2.1\PCM_WIN\DEBUG\PCI.OBJ
C:\USERS\GARCMRTN\INTELPERFORMANCECOUNTERMONITORV2.1\INTELPERFORMANCECOUNTERMONITORV2.1\PCM_WIN\DEBUG\PCM.EXE
C:\USERS\GARCMRTN\INTELPERFORMANCECOUNTERMONITORV2.1\INTELPERFORMANCECOUNTERMONITORV2.1\PCM_WIN\DEBUG\PCM.EXE.EMBED.MANIFEST
C:\USERS\GARCMRTN\INTELPERFORMANCECOUNTERMONITORV2.1\INTELPERFORMANCECOUNTERMONITORV2.1\PCM_WIN\DEBUG\PCM.EXE.EMBED.MANIFEST.RES
C:\USERS\GARCMRTN\INTELPERFORMANCECOUNTERMONITORV2.1\INTELPERFORMANCECOUNTERMONITORV2.1\PCM_WIN\DEBUG\PCM.EXE.INTERMEDIATE.MANIFEST
C:\USERS\GARCMRTN\INTELPERFORMANCECOUNTERMONITORV2.1\INTELPERFORMANCECOUNTERMONITORV2.1\PCM_WIN\DEBUG\PCM.ILK
C:\USERS\GARCMRTN\INTELPERFORMANCECOUNTERMONITORV2.1\INTELPERFORMANCECOUNTERMONITORV2.1\PCM_WIN\DEBUG\PCM.OBJ
C:\USERS\GARCMRTN\INTELPERFORMANCECOUNTERMONITORV2.1\INTELPERFORMANCECOUNTERMONITORV2.1\PCM_WIN\DEBUG\PCM.PDB
C:\Users\garcmrtn\IntelPerformanceCounterMonitorV2.1\IntelPerformanceCounterMonitorV2.1\PCM_Win\Debug\pcm_manifest.rc
C:\Users\garcmrtn\IntelPerformanceCounterMonitorV2.1\IntelPerformanceCounterMonitorV2.1\PCM_Win\Debug\rc.command.1.tlog
C:\Users\garcmrtn\IntelPerformanceCounterMonitorV2.1\IntelPerformanceCounterMonitorV2.1\PCM_Win\Debug\rc.read.1.tlog
C:\Users\garcmrtn\IntelPerformanceCounterMonitorV2.1\IntelPerformanceCounterMonitorV2.1\PCM_Win\Debug\rc.write.1.tlog
C:\USERS\GARCMRTN\INTELPERFORMANCECOUNTERMONITORV2.1\INTELPERFORMANCECOUNTERMONITORV2.1\PCM_WIN\DEBUG\STDAFX.OBJ
C:\Users\garcmrtn\IntelPerformanceCounterMonitorV2.1\IntelPerformanceCounterMonitorV2.1\PCM_Win\Debug\vc100.idb
C:\USERS\GARCMRTN\INTELPERFORMANCECOUNTERMONITORV2.1\INTELPERFORMANCECOUNTERMONITORV2.1\PCM_WIN\DEBUG\VC100.PDB
