Build started 8/14/2012 3:15:00 PM.
     1>Project "C:\Users\garcmrtn\IntelPerformanceCounterMonitorV2.1\IntelPerformanceCounterMonitorV2.1\PCM_Win\pcm.vcxproj" on node 2 (build target(s)).
     1>InitializeBuildStatus:
         Touching "Debug\pcm.unsuccessfulbuild".
       ClCompile:
         c:\Program Files (x86)\Microsoft Visual Studio 10.0\VC\bin\CL.exe /c /ZI /nologo /W3 /WX- /Od /Oy- /D WIN32 /D _DEBUG /D _CONSOLE /D _UNICODE /D UNICODE /Gm /EHsc /RTC1 /MDd /GS /fp:precise /Zc:wchar_t /Zc:forScope /Fo"Debug\\" /Fd"Debug\vc100.pdb" /Gd /TP /analyze- /errorReport:prompt ..\cpucounters.cpp
         cpucounters.cpp
     1>c:\users\garcmrtn\intelperformancecountermonitorv2.1\intelperformancecountermonitorv2.1\types.h(535): warning C4005: 'MSR_DRAM_ENERGY_STATUS' : macro redefinition
                 c:\users\garcmrtn\intelperformancecountermonitorv2.1\intelperformancecountermonitorv2.1\types.h(42) : see previous definition of 'MSR_DRAM_ENERGY_STATUS'
     1>c:\users\garcmrtn\intelperformancecountermonitorv2.1\intelperformancecountermonitorv2.1\cpucounters.cpp(1734): error C2679: binary '[' : no operator found which takes a right-hand operand of type 'SOCKET (__stdcall *)(int,int,int)' (or there is no acceptable conversion)
                 c:\program files (x86)\microsoft visual studio 10.0\vc\include\vector(911): could be 'const unsigned int &std::vector<_Ty>::operator [](unsigned int) const'
                 with
                 [
                     _Ty=uint32
                 ]
                 c:\program files (x86)\microsoft visual studio 10.0\vc\include\vector(927): or       'unsigned int &std::vector<_Ty>::operator [](unsigned int)'
                 with
                 [
                     _Ty=uint32
                 ]
                 while trying to match the argument list '(std::vector<_Ty>, SOCKET (__stdcall *)(int,int,int))'
                 with
                 [
                     _Ty=uint32
                 ]
     1>c:\users\garcmrtn\intelperformancecountermonitorv2.1\intelperformancecountermonitorv2.1\cpucounters.cpp(1734): error C2227: left of '->read' must point to class/struct/union/generic type
     1>c:\users\garcmrtn\intelperformancecountermonitorv2.1\intelperformancecountermonitorv2.1\cpucounters.cpp(1738): error C2679: binary '[' : no operator found which takes a right-hand operand of type 'SOCKET (__stdcall *)(int,int,int)' (or there is no acceptable conversion)
                 c:\program files (x86)\microsoft visual studio 10.0\vc\include\vector(911): could be 'const unsigned int &std::vector<_Ty>::operator [](unsigned int) const'
                 with
                 [
                     _Ty=uint32
                 ]
                 c:\program files (x86)\microsoft visual studio 10.0\vc\include\vector(927): or       'unsigned int &std::vector<_Ty>::operator [](unsigned int)'
                 with
                 [
                     _Ty=uint32
                 ]
                 while trying to match the argument list '(std::vector<_Ty>, SOCKET (__stdcall *)(int,int,int))'
                 with
                 [
                     _Ty=uint32
                 ]
     1>c:\users\garcmrtn\intelperformancecountermonitorv2.1\intelperformancecountermonitorv2.1\cpucounters.cpp(1738): error C2227: left of '->read' must point to class/struct/union/generic type
     1>c:\users\garcmrtn\intelperformancecountermonitorv2.1\intelperformancecountermonitorv2.1\cpucounters.cpp(1744): error C2679: binary '[' : no operator found which takes a right-hand operand of type 'SOCKET (__stdcall *)(int,int,int)' (or there is no acceptable conversion)
                 c:\program files (x86)\microsoft visual studio 10.0\vc\include\vector(911): could be 'const unsigned int &std::vector<_Ty>::operator [](unsigned int) const'
                 with
                 [
                     _Ty=uint32
                 ]
                 c:\program files (x86)\microsoft visual studio 10.0\vc\include\vector(927): or       'unsigned int &std::vector<_Ty>::operator [](unsigned int)'
                 with
                 [
                     _Ty=uint32
                 ]
                 while trying to match the argument list '(std::vector<_Ty>, SOCKET (__stdcall *)(int,int,int))'
                 with
                 [
                     _Ty=uint32
                 ]
     1>c:\users\garcmrtn\intelperformancecountermonitorv2.1\intelperformancecountermonitorv2.1\cpucounters.cpp(1747): error C2679: binary '[' : no operator found which takes a right-hand operand of type 'SOCKET (__stdcall *)(int,int,int)' (or there is no acceptable conversion)
                 c:\program files (x86)\microsoft visual studio 10.0\vc\include\vector(911): could be 'const unsigned int &std::vector<_Ty>::operator [](unsigned int) const'
                 with
                 [
                     _Ty=uint32
                 ]
                 c:\program files (x86)\microsoft visual studio 10.0\vc\include\vector(927): or       'unsigned int &std::vector<_Ty>::operator [](unsigned int)'
                 with
                 [
                     _Ty=uint32
                 ]
                 while trying to match the argument list '(std::vector<_Ty>, SOCKET (__stdcall *)(int,int,int))'
                 with
                 [
                     _Ty=uint32
                 ]
     1>c:\users\garcmrtn\intelperformancecountermonitorv2.1\intelperformancecountermonitorv2.1\cpucounters.cpp(1747): error C2227: left of '->read' must point to class/struct/union/generic type
     1>Done Building Project "C:\Users\garcmrtn\IntelPerformanceCounterMonitorV2.1\IntelPerformanceCounterMonitorV2.1\PCM_Win\pcm.vcxproj" (build target(s)) -- FAILED.

Build FAILED.

Time Elapsed 00:00:00.70
